<?xml version="1.0" encoding="utf-8"?>
<?AutomationStudio Version="4.12.2.93"?>
<Objects>
  <Object
    Path="C:\Users\Rafael\Documents\UNIFEI\2024.1\TFG\TFG2024\Logical\Package.pkg"
    LogicalPath=""
    Type="Package.ParentUnknown"
    LastWriteTime="133583712569041570" />
  <Object
    Path="C:\Users\Rafael\Documents\UNIFEI\2024.1\TFG\TFG2024\Temp\Includes\AS_TempDecl\Config1\GlobalComponents\McElements.var"
    LogicalPath="McElements.var"
    Type="File"
    LastWriteTime="133583711234146719"
    Private="false" />
  <Object
    Path="C:\Users\Rafael\Documents\UNIFEI\2024.1\TFG\TFG2024\Logical\Global.typ"
    LogicalPath="Global.typ"
    Type="File"
    LastWriteTime="133669392391361444"
    Private="false" />
  <Object
    Path="C:\Users\Rafael\Documents\UNIFEI\2024.1\TFG\TFG2024\Logical\Global.var"
    LogicalPath="Global.var"
    Type="File"
    LastWriteTime="133667686257527925"
    Private="false" />
  <Object
    Path="C:\Users\Rafael\Documents\UNIFEI\2024.1\TFG\TFG2024\Logical\Libraries\Package.pkg"
    LogicalPath="Libraries"
    Type="Package"
    LastWriteTime="133583705212168865" />
  <Object
    Path="C:\Users\Rafael\Documents\UNIFEI\2024.1\TFG\TFG2024\Logical\Libraries\operator\binary.lby"
    LogicalPath="Libraries.operator"
    Type="Library"
    LastWriteTime="133583701896168676" />
  <Object
    Path="C:\Users\Rafael\Documents\UNIFEI\2024.1\TFG\TFG2024\Logical\Libraries\operator\operator.fun"
    LogicalPath="Libraries.operator.operator.fun"
    Type="File"
    LastWriteTime="133583701896135606"
    Private="false" />
  <Object
    Path="C:\Users\Rafael\Documents\UNIFEI\2024.1\TFG\TFG2024\Logical\Libraries\operator\operator.typ"
    LogicalPath="Libraries.operator.operator.typ"
    Type="File"
    LastWriteTime="133583701896155628"
    Private="false" />
  <Object
    Path="C:\Users\Rafael\Documents\UNIFEI\2024.1\TFG\TFG2024\Logical\Libraries\operator\operator.var"
    LogicalPath="Libraries.operator.operator.var"
    Type="File"
    LastWriteTime="133583701896155628"
    Private="false" />
  <Object
    Path="C:\Users\Rafael\Documents\UNIFEI\2024.1\TFG\TFG2024\Logical\Libraries\runtime\binary.lby"
    LogicalPath="Libraries.runtime"
    Type="Library"
    LastWriteTime="133583701897677616" />
  <Object
    Path="C:\Users\Rafael\Documents\UNIFEI\2024.1\TFG\TFG2024\Logical\Libraries\runtime\runtime.fun"
    LogicalPath="Libraries.runtime.runtime.fun"
    Type="File"
    LastWriteTime="133583701897656443"
    Private="false" />
  <Object
    Path="C:\Users\Rafael\Documents\UNIFEI\2024.1\TFG\TFG2024\Logical\Libraries\runtime\runtime.typ"
    LogicalPath="Libraries.runtime.runtime.typ"
    Type="File"
    LastWriteTime="133583701897666438"
    Private="false" />
  <Object
    Path="C:\Users\Rafael\Documents\UNIFEI\2024.1\TFG\TFG2024\Logical\Libraries\runtime\runtime.var"
    LogicalPath="Libraries.runtime.runtime.var"
    Type="File"
    LastWriteTime="133583701897677616"
    Private="false" />
  <Object
    Path="C:\Users\Rafael\Documents\UNIFEI\2024.1\TFG\TFG2024\Logical\Libraries\astime\binary.lby"
    LogicalPath="Libraries.astime"
    Type="Library"
    LastWriteTime="133583701899193816" />
  <Object
    Path="C:\Users\Rafael\Documents\UNIFEI\2024.1\TFG\TFG2024\Logical\Libraries\astime\astime.fun"
    LogicalPath="Libraries.astime.astime.fun"
    Type="File"
    LastWriteTime="133583701899165146"
    Private="false" />
  <Object
    Path="C:\Users\Rafael\Documents\UNIFEI\2024.1\TFG\TFG2024\Logical\Libraries\astime\astime.typ"
    LogicalPath="Libraries.astime.astime.typ"
    Type="File"
    LastWriteTime="133583701899179932"
    Private="false" />
  <Object
    Path="C:\Users\Rafael\Documents\UNIFEI\2024.1\TFG\TFG2024\Logical\Libraries\astime\astime.var"
    LogicalPath="Libraries.astime.astime.var"
    Type="File"
    LastWriteTime="133583701899179932"
    Private="false" />
  <Object
    Path="C:\Users\Rafael\Documents\UNIFEI\2024.1\TFG\TFG2024\Logical\Libraries\AsIecCon\binary.lby"
    LogicalPath="Libraries.AsIecCon"
    Type="Library"
    LastWriteTime="133583701900705822" />
  <Object
    Path="C:\Users\Rafael\Documents\UNIFEI\2024.1\TFG\TFG2024\Logical\Libraries\AsIecCon\AsIecCon.fun"
    LogicalPath="Libraries.AsIecCon.AsIecCon.fun"
    Type="File"
    LastWriteTime="133583701900680805"
    Private="false" />
  <Object
    Path="C:\Users\Rafael\Documents\UNIFEI\2024.1\TFG\TFG2024\Logical\Libraries\AsIecCon\AsIecCon.typ"
    LogicalPath="Libraries.AsIecCon.AsIecCon.typ"
    Type="File"
    LastWriteTime="133583701900694577"
    Private="false" />
  <Object
    Path="C:\Users\Rafael\Documents\UNIFEI\2024.1\TFG\TFG2024\Logical\Libraries\AsIecCon\AsIecCon.var"
    LogicalPath="Libraries.AsIecCon.AsIecCon.var"
    Type="File"
    LastWriteTime="133583701900705822"
    Private="false" />
  <Object
    Path="C:\Users\Rafael\Documents\UNIFEI\2024.1\TFG\TFG2024\Logical\Libraries\McBase\binary.lby"
    LogicalPath="Libraries.McBase"
    Type="Library"
    LastWriteTime="133583704968296914" />
  <Object
    Path="C:\Users\Rafael\Documents\UNIFEI\2024.1\TFG\TFG2024\Logical\Libraries\McBase\McBase.typ"
    LogicalPath="Libraries.McBase.McBase.typ"
    Type="File"
    LastWriteTime="133583704968234926"
    Private="false" />
  <Object
    Path="C:\Users\Rafael\Documents\UNIFEI\2024.1\TFG\TFG2024\Logical\Libraries\McBase\McBase.fun"
    LogicalPath="Libraries.McBase.McBase.fun"
    Type="File"
    LastWriteTime="133583704968244955"
    Private="false" />
  <Object
    Path="C:\Users\Rafael\Documents\UNIFEI\2024.1\TFG\TFG2024\Logical\Libraries\McBase\McBase.var"
    LogicalPath="Libraries.McBase.McBase.var"
    Type="File"
    LastWriteTime="133583704968254983"
    Private="false" />
  <Object
    Path="C:\Users\Rafael\Documents\UNIFEI\2024.1\TFG\TFG2024\Logical\Libraries\McBase\McBaseCfg.typ"
    LogicalPath="Libraries.McBase.McBaseCfg.typ"
    Type="File"
    LastWriteTime="133583704968286887"
    Private="false" />
  <Object
    Path="C:\Users\Rafael\Documents\UNIFEI\2024.1\TFG\TFG2024\Logical\Libraries\MpBase\Binary.lby"
    LogicalPath="Libraries.MpBase"
    Type="Library"
    LastWriteTime="133583704968650950" />
  <Object
    Path="C:\Users\Rafael\Documents\UNIFEI\2024.1\TFG\TFG2024\Logical\Libraries\MpBase\MpBase.var"
    LogicalPath="Libraries.MpBase.MpBase.var"
    Type="File"
    LastWriteTime="133583704968620926"
    Private="false" />
  <Object
    Path="C:\Users\Rafael\Documents\UNIFEI\2024.1\TFG\TFG2024\Logical\Libraries\MpBase\MpBase.typ"
    LogicalPath="Libraries.MpBase.MpBase.typ"
    Type="File"
    LastWriteTime="133583704968630930"
    Private="false" />
  <Object
    Path="C:\Users\Rafael\Documents\UNIFEI\2024.1\TFG\TFG2024\Logical\Libraries\MpBase\MpBase.fun"
    LogicalPath="Libraries.MpBase.MpBase.fun"
    Type="File"
    LastWriteTime="133583704968640951"
    Private="false" />
  <Object
    Path="C:\Users\Rafael\Documents\UNIFEI\2024.1\TFG\TFG2024\Logical\Libraries\MpBase\Common_EventLog.tmx"
    LogicalPath="Libraries.MpBase.Common_EventLog.tmx"
    Type="File"
    LastWriteTime="133583704968650950"
    Private="false" />
  <Object
    Path="C:\Users\Rafael\Documents\UNIFEI\2024.1\TFG\TFG2024\Logical\Libraries\MpAxis\binary.lby"
    LogicalPath="Libraries.MpAxis"
    Type="Library"
    LastWriteTime="133583705207683208" />
  <Object
    Path="C:\Users\Rafael\Documents\UNIFEI\2024.1\TFG\TFG2024\Logical\Libraries\MpAxis\MpAxis.fun"
    LogicalPath="Libraries.MpAxis.MpAxis.fun"
    Type="File"
    LastWriteTime="133583705207670366"
    Private="false" />
  <Object
    Path="C:\Users\Rafael\Documents\UNIFEI\2024.1\TFG\TFG2024\Logical\Libraries\MpAxis\MpAxis.typ"
    LogicalPath="Libraries.MpAxis.MpAxis.typ"
    Type="File"
    LastWriteTime="133583705207683208"
    Private="false" />
  <Object
    Path="C:\Users\Rafael\Documents\UNIFEI\2024.1\TFG\TFG2024\Logical\Libraries\MpAxis\MpAxisError.typ"
    LogicalPath="Libraries.MpAxis.MpAxisError.typ"
    Type="File"
    LastWriteTime="133583705207683208"
    Private="false" />
  <Object
    Path="C:\Users\Rafael\Documents\UNIFEI\2024.1\TFG\TFG2024\Logical\Libraries\McAxis\binary.lby"
    LogicalPath="Libraries.McAxis"
    Type="Library"
    LastWriteTime="133583705208054157" />
  <Object
    Path="C:\Users\Rafael\Documents\UNIFEI\2024.1\TFG\TFG2024\Logical\Libraries\McAxis\McAxis.typ"
    LogicalPath="Libraries.McAxis.McAxis.typ"
    Type="File"
    LastWriteTime="133583705208019695"
    Private="false" />
  <Object
    Path="C:\Users\Rafael\Documents\UNIFEI\2024.1\TFG\TFG2024\Logical\Libraries\McAxis\McAxis.fun"
    LogicalPath="Libraries.McAxis.McAxis.fun"
    Type="File"
    LastWriteTime="133583705208034110"
    Private="false" />
  <Object
    Path="C:\Users\Rafael\Documents\UNIFEI\2024.1\TFG\TFG2024\Logical\Libraries\McAxis\McAxis.var"
    LogicalPath="Libraries.McAxis.McAxis.var"
    Type="File"
    LastWriteTime="133583705208044155"
    Private="false" />
  <Object
    Path="C:\Users\Rafael\Documents\UNIFEI\2024.1\TFG\TFG2024\Logical\Libraries\McAxis\McAxisCfg.typ"
    LogicalPath="Libraries.McAxis.McAxisCfg.typ"
    Type="File"
    LastWriteTime="133583705208054157"
    Private="false" />
  <Object
    Path="C:\Users\Rafael\Documents\UNIFEI\2024.1\TFG\TFG2024\Logical\Libraries\McAcpAx\binary.lby"
    LogicalPath="Libraries.McAcpAx"
    Type="Library"
    LastWriteTime="133583705212045460" />
  <Object
    Path="C:\Users\Rafael\Documents\UNIFEI\2024.1\TFG\TFG2024\Logical\Libraries\McAcpAx\McAcpAx.typ"
    LogicalPath="Libraries.McAcpAx.McAcpAx.typ"
    Type="File"
    LastWriteTime="133583705212022253"
    Private="false" />
  <Object
    Path="C:\Users\Rafael\Documents\UNIFEI\2024.1\TFG\TFG2024\Logical\Libraries\McAcpAx\McAcpAx.fun"
    LogicalPath="Libraries.McAcpAx.McAcpAx.fun"
    Type="File"
    LastWriteTime="133583705212022253"
    Private="false" />
  <Object
    Path="C:\Users\Rafael\Documents\UNIFEI\2024.1\TFG\TFG2024\Logical\Libraries\McAcpAx\McAcpAx.var"
    LogicalPath="Libraries.McAcpAx.McAcpAx.var"
    Type="File"
    LastWriteTime="133583705212034872"
    Private="false" />
  <Object
    Path="C:\Users\Rafael\Documents\UNIFEI\2024.1\TFG\TFG2024\Logical\Libraries\McAcpAx\McAcpAxCfg.typ"
    LogicalPath="Libraries.McAcpAx.McAcpAxCfg.typ"
    Type="File"
    LastWriteTime="133583705212045460"
    Private="false" />
  <Object
    Path="C:\Users\Rafael\Documents\UNIFEI\2024.1\TFG\TFG2024\Logical\Axis1Ctrl\IEC.prg"
    LogicalPath="Axis1Ctrl"
    Type="Program"
    LastWriteTime="133583706799263497" />
  <Object
    Path="C:\Users\Rafael\Documents\UNIFEI\2024.1\TFG\TFG2024\Logical\Axis1Ctrl\Cyclic.ld"
    LogicalPath="Axis1Ctrl.Cyclic.ld"
    Type="File"
    LastWriteTime="133674565959274019"
    Private="false" />
  <Object
    Path="C:\Users\Rafael\Documents\UNIFEI\2024.1\TFG\TFG2024\Logical\Axis1Ctrl\Init.ld"
    LogicalPath="Axis1Ctrl.Init.ld"
    Type="File"
    LastWriteTime="133669392241607506"
    Private="false" />
  <Object
    Path="C:\Users\Rafael\Documents\UNIFEI\2024.1\TFG\TFG2024\Logical\Axis1Ctrl\Exit.ld"
    LogicalPath="Axis1Ctrl.Exit.ld"
    Type="File"
    LastWriteTime="133583717535767186"
    Private="false" />
  <Object
    Path="C:\Users\Rafael\Documents\UNIFEI\2024.1\TFG\TFG2024\Logical\Axis1Ctrl\Types.typ"
    LogicalPath="Axis1Ctrl.Types.typ"
    Type="File"
    LastWriteTime="133667660938483451"
    Private="true" />
  <Object
    Path="C:\Users\Rafael\Documents\UNIFEI\2024.1\TFG\TFG2024\Logical\Axis1Ctrl\Variables.var"
    LogicalPath="Axis1Ctrl.Variables.var"
    Type="File"
    LastWriteTime="133583706799263497"
    Private="true" />
  <Object
    Path="C:\Users\Rafael\Documents\UNIFEI\2024.1\TFG\TFG2024\Physical\Config1\Config.pkg"
    LogicalPath="Config1"
    Type="Configuration.ParentUnknown"
    LastWriteTime="133610542753927700" />
  <Object
    Path="C:\Users\Rafael\Documents\UNIFEI\2024.1\TFG\TFG2024\Physical\Config1\Hardware.hw"
    LogicalPath="Config1.Hardware.hw"
    Type="File"
    LastWriteTime="133673732049819256"
    Private="false" />
  <Object
    Path="C:\Users\Rafael\Documents\UNIFEI\2024.1\TFG\TFG2024\Physical\Config1\Hardware.hwl"
    LogicalPath="Config1.Hardware.hwl"
    Type="File"
    LastWriteTime="133610768587362501"
    Private="false" />
  <Object
    Path="C:\Users\Rafael\Documents\UNIFEI\2024.1\TFG\TFG2024\Physical\Config1\X20CP0483\Cpu.pkg"
    LogicalPath="Config1.X20CP0483"
    Type="Cpu"
    LastWriteTime="133673735537415484" />
  <Object
    Path="C:\Users\Rafael\Documents\UNIFEI\2024.1\TFG\TFG2024\Physical\Config1\X20CP0483\Cpu.sw"
    LogicalPath="Config1.X20CP0483.Cpu.sw"
    Type="File"
    LastWriteTime="133583712569786702"
    Private="false" />
  <Object
    Path="C:\Users\Rafael\Documents\UNIFEI\2024.1\TFG\TFG2024\Physical\Config1\X20CP0483\Cpu.per"
    LogicalPath="Config1.X20CP0483.Cpu.per"
    Type="File"
    LastWriteTime="133583701904683100"
    Private="false" />
  <Object
    Path="C:\Users\Rafael\Documents\UNIFEI\2024.1\TFG\TFG2024\Physical\Config1\X20CP0483\IoMap.iom"
    LogicalPath="Config1.X20CP0483.IoMap.iom"
    Type="File"
    LastWriteTime="133583701904693146"
    Private="false" />
  <Object
    Path="C:\Users\Rafael\Documents\UNIFEI\2024.1\TFG\TFG2024\Physical\Config1\X20CP0483\PvMap.vvm"
    LogicalPath="Config1.X20CP0483.PvMap.vvm"
    Type="File"
    LastWriteTime="133583701904876406"
    Private="false" />
  <Object
    Path="C:\Users\Rafael\Documents\UNIFEI\2024.1\TFG\TFG2024\Physical\Config1\X20CP0483\Connectivity\Package.pkg"
    LogicalPath="Config1.X20CP0483.Connectivity"
    Type="Package"
    LastWriteTime="133583701905192942" />
  <Object
    Path="C:\Users\Rafael\Documents\UNIFEI\2024.1\TFG\TFG2024\Physical\Config1\X20CP0483\Connectivity\OpcUA\Package.pkg"
    LogicalPath="Config1.X20CP0483.Connectivity.OpcUA"
    Type="Package"
    LastWriteTime="133607958215300852" />
  <Object
    Path="C:\Users\Rafael\Documents\UNIFEI\2024.1\TFG\TFG2024\Physical\Config1\X20CP0483\Connectivity\OpcUA\OpcUaMap.uad"
    LogicalPath="Config1.X20CP0483.Connectivity.OpcUA.OpcUaMap.uad"
    Type="File"
    LastWriteTime="133669393557983630"
    Private="false" />
  <Object
    Path="C:\Users\Rafael\Documents\UNIFEI\2024.1\TFG\TFG2024\Physical\Config1\X20CP0483\Connectivity\OpcUA\OpcUa.uanodeset"
    LogicalPath="Config1.X20CP0483.Connectivity.OpcUA.OpcUa.uanodeset"
    Type="File"
    LastWriteTime="133607958215260083"
    Private="false" />
  <Object
    Path="C:\Users\Rafael\Documents\UNIFEI\2024.1\TFG\TFG2024\Physical\Config1\X20CP0483\Connectivity\OpcUaFx\Package.pkg"
    LogicalPath="Config1.X20CP0483.Connectivity.OpcUaFx"
    Type="Package"
    LastWriteTime="133583701905192942" />
  <Object
    Path="C:\Users\Rafael\Documents\UNIFEI\2024.1\TFG\TFG2024\Physical\Config1\X20CP0483\TextSystem\Package.pkg"
    LogicalPath="Config1.X20CP0483.TextSystem"
    Type="Package"
    LastWriteTime="133583701905217764" />
  <Object
    Path="C:\Users\Rafael\Documents\UNIFEI\2024.1\TFG\TFG2024\Physical\Config1\X20CP0483\UnitSystem\Package.pkg"
    LogicalPath="Config1.X20CP0483.UnitSystem"
    Type="Package"
    LastWriteTime="133583701905397797" />
  <Object
    Path="C:\Users\Rafael\Documents\UNIFEI\2024.1\TFG\TFG2024\Physical\Config1\X20CP0483\AccessAndSecurity\Package.pkg"
    LogicalPath="Config1.X20CP0483.AccessAndSecurity"
    Type="Package"
    LastWriteTime="133583701905843045" />
  <Object
    Path="C:\Users\Rafael\Documents\UNIFEI\2024.1\TFG\TFG2024\Physical\Config1\X20CP0483\AccessAndSecurity\UserRoleSystem\Package.pkg"
    LogicalPath="Config1.X20CP0483.AccessAndSecurity.UserRoleSystem"
    Type="Package"
    LastWriteTime="133583701905627800" />
  <Object
    Path="C:\Users\Rafael\Documents\UNIFEI\2024.1\TFG\TFG2024\Physical\Config1\X20CP0483\AccessAndSecurity\UserRoleSystem\Role.role"
    LogicalPath="Config1.X20CP0483.AccessAndSecurity.UserRoleSystem.Role.role"
    Type="File"
    LastWriteTime="133583701905617804"
    Private="false" />
  <Object
    Path="C:\Users\Rafael\Documents\UNIFEI\2024.1\TFG\TFG2024\Physical\Config1\X20CP0483\AccessAndSecurity\UserRoleSystem\User.user"
    LogicalPath="Config1.X20CP0483.AccessAndSecurity.UserRoleSystem.User.user"
    Type="File"
    LastWriteTime="133583701905627800"
    Private="false" />
  <Object
    Path="C:\Users\Rafael\Documents\UNIFEI\2024.1\TFG\TFG2024\Physical\Config1\X20CP0483\AccessAndSecurity\CertificateStore\Package.pkg"
    LogicalPath="Config1.X20CP0483.AccessAndSecurity.CertificateStore"
    Type="Package"
    LastWriteTime="133583701905768719" />
  <Object
    Path="C:\Users\Rafael\Documents\UNIFEI\2024.1\TFG\TFG2024\Physical\Config1\X20CP0483\AccessAndSecurity\CertificateStore\OwnCertificates\Package.pkg"
    LogicalPath="Config1.X20CP0483.AccessAndSecurity.CertificateStore.OwnCertificates"
    Type="Package"
    LastWriteTime="133583701905687801" />
  <Object
    Path="C:\Users\Rafael\Documents\UNIFEI\2024.1\TFG\TFG2024\Physical\Config1\X20CP0483\AccessAndSecurity\CertificateStore\OwnCertificates\Certificates\Package.pkg"
    LogicalPath="Config1.X20CP0483.AccessAndSecurity.CertificateStore.OwnCertificates.Certificates"
    Type="Package"
    LastWriteTime="133583701905667797" />
  <Object
    Path="C:\Users\Rafael\Documents\UNIFEI\2024.1\TFG\TFG2024\Physical\Config1\X20CP0483\AccessAndSecurity\CertificateStore\OwnCertificates\PrivateKeys\Package.pkg"
    LogicalPath="Config1.X20CP0483.AccessAndSecurity.CertificateStore.OwnCertificates.PrivateKeys"
    Type="Package"
    LastWriteTime="133583701905677795" />
  <Object
    Path="C:\Users\Rafael\Documents\UNIFEI\2024.1\TFG\TFG2024\Physical\Config1\X20CP0483\AccessAndSecurity\CertificateStore\ThirdPartyCertificates\Package.pkg"
    LogicalPath="Config1.X20CP0483.AccessAndSecurity.CertificateStore.ThirdPartyCertificates"
    Type="Package"
    LastWriteTime="133583701905722052" />
  <Object
    Path="C:\Users\Rafael\Documents\UNIFEI\2024.1\TFG\TFG2024\Physical\Config1\X20CP0483\AccessAndSecurity\CertificateStore\ThirdPartyCertificates\SoftwareCertificates\Package.pkg"
    LogicalPath="Config1.X20CP0483.AccessAndSecurity.CertificateStore.ThirdPartyCertificates.SoftwareCertificates"
    Type="Package"
    LastWriteTime="133583701905722052" />
  <Object
    Path="C:\Users\Rafael\Documents\UNIFEI\2024.1\TFG\TFG2024\Physical\Config1\X20CP0483\AccessAndSecurity\CertificateStore\CertificateRevocationLists\Package.pkg"
    LogicalPath="Config1.X20CP0483.AccessAndSecurity.CertificateStore.CertificateRevocationLists"
    Type="Package"
    LastWriteTime="133583701905744137" />
  <Object
    Path="C:\Users\Rafael\Documents\UNIFEI\2024.1\TFG\TFG2024\Physical\Config1\X20CP0483\AccessAndSecurity\CertificateStore\CertificateSigningRequests\Package.pkg"
    LogicalPath="Config1.X20CP0483.AccessAndSecurity.CertificateStore.CertificateSigningRequests"
    Type="Package"
    LastWriteTime="133583701905768719" />
  <Object
    Path="C:\Users\Rafael\Documents\UNIFEI\2024.1\TFG\TFG2024\Physical\Config1\X20CP0483\AccessAndSecurity\TransportLayerSecurity\Package.pkg"
    LogicalPath="Config1.X20CP0483.AccessAndSecurity.TransportLayerSecurity"
    Type="Package"
    LastWriteTime="133583701905794153" />
  <Object
    Path="C:\Users\Rafael\Documents\UNIFEI\2024.1\TFG\TFG2024\Physical\Config1\X20CP0483\AccessAndSecurity\Firewall\Package.pkg"
    LogicalPath="Config1.X20CP0483.AccessAndSecurity.Firewall"
    Type="Package"
    LastWriteTime="133583701905843045" />
  <Object
    Path="C:\Users\Rafael\Documents\UNIFEI\2024.1\TFG\TFG2024\Physical\Config1\X20CP0483\AccessAndSecurity\Firewall\Rules.firewallRules"
    LogicalPath="Config1.X20CP0483.AccessAndSecurity.Firewall.Rules.firewallRules"
    Type="File"
    LastWriteTime="133583701905832972"
    Private="false" />
  <Object
    Path="C:\Users\Rafael\Documents\UNIFEI\2024.1\TFG\TFG2024\Physical\Config1\X20CP0483\mappControl\Package.pkg"
    LogicalPath="Config1.X20CP0483.mappControl"
    Type="Package"
    LastWriteTime="133583701905873024" />
  <Object
    Path="C:\Users\Rafael\Documents\UNIFEI\2024.1\TFG\TFG2024\Physical\Config1\X20CP0483\mappMotion\Package.pkg"
    LogicalPath="Config1.X20CP0483.mappMotion"
    Type="Package"
    LastWriteTime="133583711233434377" />
  <Object
    Path="C:\Users\Rafael\Documents\UNIFEI\2024.1\TFG\TFG2024\Physical\Config1\X20CP0483\mappMotion\AxisConfig.axis"
    LogicalPath="Config1.X20CP0483.mappMotion.AxisConfig.axis"
    Type="File"
    LastWriteTime="133585501811877001"
    Private="false" />
  <Object
    Path="C:\Users\Rafael\Documents\UNIFEI\2024.1\TFG\TFG2024\Physical\Config1\X20CP0483\mappServices\Package.pkg"
    LogicalPath="Config1.X20CP0483.mappServices"
    Type="Package"
    LastWriteTime="133583701906203024" />
  <Object
    Path="C:\Users\Rafael\Documents\UNIFEI\2024.1\TFG\TFG2024\Physical\Config1\X20CP0483\mappSafety\Package.pkg"
    LogicalPath="Config1.X20CP0483.mappSafety"
    Type="Package"
    LastWriteTime="133583701906413104" />
  <Object
    Path="C:\Users\Rafael\Documents\UNIFEI\2024.1\TFG\TFG2024\Physical\Config1\X20CP0483\mappSafety\SafeApplication\Package.pkg"
    LogicalPath="Config1.X20CP0483.mappSafety.SafeApplication"
    Type="Package"
    LastWriteTime="133583701906393023" />
  <Object
    Path="C:\Users\Rafael\Documents\UNIFEI\2024.1\TFG\TFG2024\Physical\Config1\X20CP0483\mappSafety\SafeCommissioning\Package.pkg"
    LogicalPath="Config1.X20CP0483.mappSafety.SafeCommissioning"
    Type="Package"
    LastWriteTime="133583701906413104" />
  <Object
    Path="C:\Users\Rafael\Documents\UNIFEI\2024.1\TFG\TFG2024\Physical\Config1\X20CP0483\mappView\Package.pkg"
    LogicalPath="Config1.X20CP0483.mappView"
    Type="Package"
    LastWriteTime="133583701906533398" />
  <Object
    Path="C:\Users\Rafael\Documents\UNIFEI\2024.1\TFG\TFG2024\Physical\Config1\X20CP0483\mappVision\Package.pkg"
    LogicalPath="Config1.X20CP0483.mappVision"
    Type="Package"
    LastWriteTime="133583701906753428" />
  <Object
    Path="C:\Users\Rafael\Documents\UNIFEI\2024.1\TFG\TFG2024\Physical\Config1\X20CP0483\mappCockpit\Package.pkg"
    LogicalPath="Config1.X20CP0483.mappCockpit"
    Type="Package"
    LastWriteTime="133583701906917518" />
  <Object
    Path="C:\Users\Rafael\Documents\UNIFEI\2024.1\TFG\TFG2024\Physical\Config1\Hardware.jpg"
    LogicalPath="Config1.Hardware.jpg"
    Type="File"
    LastWriteTime="133610768587631432"
    Private="false" />
</Objects>